<?xml version="1.0" encoding="UTF-8"?>
<!DOCTYPE properties SYSTEM "http://java.sun.com/dtd/properties.dtd">
<properties>
    <comment>Automation</comment>
    <entry key="BaseUrl">https://opensource-demo.orangehrmlive.com/web/index.php/auth/login</entry>
    <entry key="username">Admin</entry>
    <entry key="password">admin123</entry>

<!--    New Employee Creation Data-->

    <entry key="firstName">Ujjwal</entry>
    <entry key="lastName">Atreya</entry>
</properties>